Flow report for audio
Wed Nov 20 19:22:42 2019
Quartus Prime Version 18.1.0 Build 625 09/12/2018 SJ Lite Edition


---------------------
; Table of Contents ;
---------------------
  1. Legal Notice
  2. Flow Summary
  3. Flow Settings
  4. Flow Non-Default Global Settings
  5. Flow Elapsed Time
  6. Flow OS Summary
  7. Flow Log
  8. Flow Messages
  9. Flow Suppressed Messages



----------------
; Legal Notice ;
----------------
Copyright (C) 2018  Intel Corporation. All rights reserved.
Your use of Intel Corporation's design tools, logic functions 
and other software and tools, and its AMPP partner logic 
functions, and any output files from any of the foregoing 
(including device programming or simulation files), and any 
associated documentation or information are expressly subject 
to the terms and conditions of the Intel Program License 
Subscription Agreement, the Intel Quartus Prime License Agreement,
the Intel FPGA IP License Agreement, or other applicable license
agreement, including, without limitation, that your use is for
the sole purpose of programming logic devices manufactured by
Intel and sold by Intel or its authorized distributors.  Please
refer to the applicable agreement for further details.



+-------------------------------------------------------------------------------+
; Flow Summary                                                                  ;
+---------------------------------+---------------------------------------------+
; Flow Status                     ; Successful - Wed Nov 20 19:22:34 2019       ;
; Quartus Prime Version           ; 18.1.0 Build 625 09/12/2018 SJ Lite Edition ;
; Revision Name                   ; audio                                       ;
; Top-level Entity Name           ; audio                                       ;
; Family                          ; Cyclone V                                   ;
; Device                          ; 5CSEMA5F31C6                                ;
; Timing Models                   ; Final                                       ;
; Logic utilization (in ALMs)     ; 207 / 32,070 ( < 1 % )                      ;
; Total registers                 ; 255                                         ;
; Total pins                      ; 104 / 457 ( 23 % )                          ;
; Total virtual pins              ; 0                                           ;
; Total block memory bits         ; 4,096 / 4,065,280 ( < 1 % )                 ;
; Total DSP Blocks                ; 0 / 87 ( 0 % )                              ;
; Total HSSI RX PCSs              ; 0                                           ;
; Total HSSI PMA RX Deserializers ; 0                                           ;
; Total HSSI TX PCSs              ; 0                                           ;
; Total HSSI PMA TX Serializers   ; 0                                           ;
; Total PLLs                      ; 1 / 6 ( 17 % )                              ;
; Total DLLs                      ; 0 / 4 ( 0 % )                               ;
+---------------------------------+---------------------------------------------+


+-----------------------------------------+
; Flow Settings                           ;
+-------------------+---------------------+
; Option            ; Setting             ;
+-------------------+---------------------+
; Start date & time ; 11/20/2019 19:21:40 ;
; Main task         ; Compilation         ;
; Revision Name     ; audio               ;
+-------------------+---------------------+


+-----------------------------------------------------------------------------------------------------------------------------------------------------------------------+
; Flow Non-Default Global Settings                                                                                                                                      ;
+-------------------------------------+-------------------------------------------------------------------------------------+---------------+--------------+------------+
; Assignment Name                     ; Value                                                                               ; Default Value ; Entity Name  ; Section Id ;
+-------------------------------------+-------------------------------------------------------------------------------------+---------------+--------------+------------+
; COMPILER_SIGNATURE_ID               ; 118933446301936.157429930001236                                                     ; --            ; --           ; --         ;
; MAX_CORE_JUNCTION_TEMP              ; 85                                                                                  ; --            ; --           ; --         ;
; MIN_CORE_JUNCTION_TEMP              ; 0                                                                                   ; --            ; --           ; --         ;
; MISC_FILE                           ; audio_config/simulation/../../audio_config.qsys                                     ; --            ; --           ; --         ;
; MISC_FILE                           ; audio_config/simulation/audio_config.v                                              ; --            ; --           ; --         ;
; MISC_FILE                           ; audio_config/simulation/submodules/altera_up_av_config_serial_bus_controller.v      ; --            ; --           ; --         ;
; MISC_FILE                           ; audio_config/simulation/submodules/altera_up_slow_clock_generator.v                 ; --            ; --           ; --         ;
; MISC_FILE                           ; audio_config/simulation/submodules/altera_up_av_config_auto_init.v                  ; --            ; --           ; --         ;
; MISC_FILE                           ; audio_config/simulation/submodules/altera_up_av_config_auto_init_dc2.v              ; --            ; --           ; --         ;
; MISC_FILE                           ; audio_config/simulation/submodules/altera_up_av_config_auto_init_d5m.v              ; --            ; --           ; --         ;
; MISC_FILE                           ; audio_config/simulation/submodules/altera_up_av_config_auto_init_lcm.v              ; --            ; --           ; --         ;
; MISC_FILE                           ; audio_config/simulation/submodules/altera_up_av_config_auto_init_ltm.v              ; --            ; --           ; --         ;
; MISC_FILE                           ; audio_config/simulation/submodules/altera_up_av_config_auto_init_ob_de1_soc.v       ; --            ; --           ; --         ;
; MISC_FILE                           ; audio_config/simulation/submodules/altera_up_av_config_auto_init_ob_de2_115.v       ; --            ; --           ; --         ;
; MISC_FILE                           ; audio_config/simulation/submodules/altera_up_av_config_auto_init_ob_de2i_150.v      ; --            ; --           ; --         ;
; MISC_FILE                           ; audio_config/simulation/submodules/altera_up_av_config_auto_init_ob_de10_standard.v ; --            ; --           ; --         ;
; MISC_FILE                           ; audio_config/simulation/submodules/altera_up_av_config_auto_init_ob_audio.v         ; --            ; --           ; --         ;
; MISC_FILE                           ; audio_config/simulation/submodules/altera_up_av_config_auto_init_ob_adv7180.v       ; --            ; --           ; --         ;
; MISC_FILE                           ; audio_config/simulation/submodules/altera_up_av_config_auto_init_ob_adv7181.v       ; --            ; --           ; --         ;
; MISC_FILE                           ; audio_config/simulation/submodules/audio_config_audio_and_video_config_0.v          ; --            ; --           ; --         ;
; MISC_FILE                           ; audio_output/simulation/../../audio_output.qsys                                     ; --            ; --           ; --         ;
; MISC_FILE                           ; audio_output/simulation/audio_output.v                                              ; --            ; --           ; --         ;
; MISC_FILE                           ; audio_output/simulation/submodules/altera_up_audio_bit_counter.v                    ; --            ; --           ; --         ;
; MISC_FILE                           ; audio_output/simulation/submodules/altera_up_audio_in_deserializer.v                ; --            ; --           ; --         ;
; MISC_FILE                           ; audio_output/simulation/submodules/altera_up_audio_out_serializer.v                 ; --            ; --           ; --         ;
; MISC_FILE                           ; audio_output/simulation/submodules/altera_up_clock_edge.v                           ; --            ; --           ; --         ;
; MISC_FILE                           ; audio_output/simulation/submodules/altera_up_sync_fifo.v                            ; --            ; --           ; --         ;
; MISC_FILE                           ; audio_output/simulation/submodules/audio_output_audio_0.v                           ; --            ; --           ; --         ;
; MISC_FILE                           ; audio_clk/simulation/../../audio_clk.qsys                                           ; --            ; --           ; --         ;
; MISC_FILE                           ; audio_clk/simulation/audio_clk.v                                                    ; --            ; --           ; --         ;
; MISC_FILE                           ; audio_clk/simulation/submodules/audio_clk_audio_pll_0.v                             ; --            ; --           ; --         ;
; MISC_FILE                           ; audio_clk/simulation/submodules/altera_up_avalon_reset_from_locked_signal.v         ; --            ; --           ; --         ;
; MISC_FILE                           ; audio_clk/simulation/submodules/audio_clk_audio_pll_0_audio_pll.vo                  ; --            ; --           ; --         ;
; MISC_FILE                           ; audio_clk/synthesis/../audio_clk.cmp                                                ; --            ; --           ; --         ;
; MISC_FILE                           ; audio_clk/synthesis/../../audio_clk.qsys                                            ; --            ; --           ; --         ;
; MISC_FILE                           ; audio_output/synthesis/../audio_output.cmp                                          ; --            ; --           ; --         ;
; MISC_FILE                           ; audio_output/synthesis/../../audio_output.qsys                                      ; --            ; --           ; --         ;
; MISC_FILE                           ; audio_config/synthesis/../audio_config.cmp                                          ; --            ; --           ; --         ;
; MISC_FILE                           ; audio_config/synthesis/../../audio_config.qsys                                      ; --            ; --           ; --         ;
; MISC_FILE                           ; clocks.cmp                                                                          ; --            ; --           ; --         ;
; MISC_FILE                           ; clocks_sim/clocks.vo                                                                ; --            ; --           ; --         ;
; PARTITION_COLOR                     ; -- (Not supported for targeted family)                                              ; --            ; --           ; Top        ;
; PARTITION_FITTER_PRESERVATION_LEVEL ; -- (Not supported for targeted family)                                              ; --            ; --           ; Top        ;
; PARTITION_NETLIST_TYPE              ; -- (Not supported for targeted family)                                              ; --            ; --           ; Top        ;
; POWER_BOARD_THERMAL_MODEL           ; None (CONSERVATIVE)                                                                 ; --            ; --           ; --         ;
; POWER_PRESET_COOLING_SOLUTION       ; 23 MM HEAT SINK WITH 200 LFPM AIRFLOW                                               ; --            ; --           ; --         ;
; SLD_FILE                            ; audio_clk/synthesis/audio_clk.debuginfo                                             ; --            ; --           ; --         ;
; SLD_FILE                            ; audio_output/synthesis/audio_output.debuginfo                                       ; --            ; --           ; --         ;
; SLD_FILE                            ; audio_config/synthesis/audio_config.debuginfo                                       ; --            ; --           ; --         ;
; SLD_INFO                            ; QSYS_NAME audio_clk HAS_SOPCINFO 1 GENERATION_ID 1574096884                         ; --            ; audio_clk    ; --         ;
; SLD_INFO                            ; QSYS_NAME audio_config HAS_SOPCINFO 1 GENERATION_ID 1574204377                      ; --            ; audio_config ; --         ;
; SLD_INFO                            ; QSYS_NAME audio_output HAS_SOPCINFO 1 GENERATION_ID 1573598963                      ; --            ; audio_output ; --         ;
; SOPCINFO_FILE                       ; audio_clk/synthesis/../../audio_clk.sopcinfo                                        ; --            ; --           ; --         ;
; SOPCINFO_FILE                       ; audio_output/synthesis/../../audio_output.sopcinfo                                  ; --            ; --           ; --         ;
; SOPCINFO_FILE                       ; audio_config/synthesis/../../audio_config.sopcinfo                                  ; --            ; --           ; --         ;
; SPD_FILE                            ; audio_config/simulation/../audio_config.spd                                         ; --            ; --           ; --         ;
; SPD_FILE                            ; audio_output/simulation/../audio_output.spd                                         ; --            ; --           ; --         ;
; SPD_FILE                            ; audio_clk/simulation/../audio_clk.spd                                               ; --            ; --           ; --         ;
; SPD_FILE                            ; clocks.spd                                                                          ; --            ; --           ; --         ;
; SYNTHESIS_ONLY_QIP                  ; On                                                                                  ; --            ; --           ; --         ;
; SYNTHESIS_ONLY_QIP                  ; On                                                                                  ; --            ; --           ; --         ;
; SYNTHESIS_ONLY_QIP                  ; On                                                                                  ; --            ; --           ; --         ;
; SYNTHESIS_ONLY_QIP                  ; On                                                                                  ; --            ; --           ; --         ;
+-------------------------------------+-------------------------------------------------------------------------------------+---------------+--------------+------------+


+--------------------------------------------------------------------------------------------------------------------------+
; Flow Elapsed Time                                                                                                        ;
+----------------------+--------------+-------------------------+---------------------+------------------------------------+
; Module Name          ; Elapsed Time ; Average Processors Used ; Peak Virtual Memory ; Total CPU Time (on all processors) ;
+----------------------+--------------+-------------------------+---------------------+------------------------------------+
; Analysis & Synthesis ; 00:00:10     ; 1.0                     ; 4894 MB             ; 00:00:19                           ;
; Fitter               ; 00:00:36     ; 1.0                     ; 6868 MB             ; 00:01:19                           ;
; Assembler            ; 00:00:05     ; 1.0                     ; 4856 MB             ; 00:00:06                           ;
; Timing Analyzer      ; 00:00:07     ; 1.2                     ; 5235 MB             ; 00:00:07                           ;
; Total                ; 00:00:58     ; --                      ; --                  ; 00:01:51                           ;
+----------------------+--------------+-------------------------+---------------------+------------------------------------+


+------------------------------------------------------------------------------------+
; Flow OS Summary                                                                    ;
+----------------------+------------------+------------+------------+----------------+
; Module Name          ; Machine Hostname ; OS Name    ; OS Version ; Processor type ;
+----------------------+------------------+------------+------------+----------------+
; Analysis & Synthesis ; CMPELABS-226     ; Windows 10 ; 10.0       ; x86_64         ;
; Fitter               ; CMPELABS-226     ; Windows 10 ; 10.0       ; x86_64         ;
; Assembler            ; CMPELABS-226     ; Windows 10 ; 10.0       ; x86_64         ;
; Timing Analyzer      ; CMPELABS-226     ; Windows 10 ; 10.0       ; x86_64         ;
+----------------------+------------------+------------+------------+----------------+


------------
; Flow Log ;
------------
quartus_map --read_settings_files=on --write_settings_files=off audio -c audio
quartus_fit --read_settings_files=off --write_settings_files=off audio -c audio
quartus_asm --read_settings_files=off --write_settings_files=off audio -c audio
quartus_sta audio -c audio



